<?xml version="1.0" encoding="UTF-8"?>
<!-- Generated by org.testng.reporters.JUnitReportReporter -->
<testsuite hostname="localhost" name="pkg.one.Test1_2" tests="1" failures="0" timestamp="4 Feb 2018 15:35:36 GMT" time="0.001" errors="0">
  <testcase name="test1_2_1" time="0.001" classname="pkg.one.Test1_2"/>
</testsuite> <!-- pkg.one.Test1_2 -->
