<?xml version="1.0" encoding="UTF-8"?>
<!-- Generated by org.testng.reporters.JUnitReportReporter -->
<testsuite hostname="localhost" name="pkg.one.TestInit" tests="1" failures="0" timestamp="4 Feb 2018 15:35:36 GMT" time="0.014" errors="0">
  <testcase name="testInit" time="0.014" classname="pkg.one.TestInit"/>
</testsuite> <!-- pkg.one.TestInit -->
