<?xml version="1.0" encoding="UTF-8"?>
<!-- Generated by org.testng.reporters.JUnitReportReporter -->
<testsuite hostname="localhost" name="pkg.two.Test2_1" tests="1" failures="0" timestamp="4 Feb 2018 15:35:36 GMT" time="0.001" errors="0">
  <testcase name="test2_1_1" time="0.001" classname="pkg.two.Test2_1"/>
</testsuite> <!-- pkg.two.Test2_1 -->
